<?xml version="1.0" encoding="UTF-8"?>
<!-- Generated by org.testng.reporters.JUnitXMLReporter -->
<testsuite ignored="0" hostname="HEISRONE" failures="0" tests="3" name="playwright learnings" time="24.243" errors="0" timestamp="2026-07-07T07:21:45 IST">
  <testcase classname="testcases.LoginTest" name="firsttest" time="0.13"/>
  <testcase classname="testcases.LoginTest" name="validlogin" time="1.405"/>
  <testcase classname="testcases.LoginTest" name="invalidlogin" time="0.744"/>
</testsuite> <!-- playwright learnings -->
