<?xml version="1.0" encoding="UTF-8"?>
<!-- Generated by org.testng.reporters.JUnitXMLReporter -->
<testsuite ignored="0" hostname="HEISRONE" failures="0" tests="3" name="playwright learnings" time="26.364" errors="0" timestamp="2026-07-06T12:54:38 IST">
  <testcase classname="testcases.LoginTest" name="firsttest" time="0.032"/>
  <testcase classname="testcases.LoginTest" name="validlogin" time="1.624"/>
  <testcase classname="testcases.LoginTest" name="invalidlogin" time="0.886"/>
</testsuite> <!-- playwright learnings -->
