<?xml version="1.0" encoding="UTF-8"?>
<!-- Generated by org.testng.reporters.JUnitReportReporter -->
<testsuite hostname="HEISRONE" failures="0" tests="3" name="testcases.LoginTest" time="3.621" errors="0" timestamp="2026-07-06T22:46:31 IST" skipped="0">
  <testcase classname="testcases.LoginTest" name="firsttest" time="0.152"/>
  <testcase classname="testcases.LoginTest" name="validlogin" time="2.180"/>
  <testcase classname="testcases.LoginTest" name="invalidlogin" time="1.289"/>
</testsuite> <!-- testcases.LoginTest -->
