<?xml version="1.0" encoding="UTF-8"?>
<!-- Generated by org.testng.reporters.JUnitXMLReporter -->
<testsuite ignored="0" hostname="HEISRONE" failures="0" tests="3" name="playwright learnings" time="29.187" errors="0" timestamp="2026-07-06T12:57:12 IST">
  <testcase classname="testcases.LoginTest" name="firsttest" time="0.012"/>
  <testcase classname="testcases.LoginTest" name="validlogin" time="1.54"/>
  <testcase classname="testcases.LoginTest" name="invalidlogin" time="0.828"/>
</testsuite> <!-- playwright learnings -->
