<?xml version="1.0" encoding="UTF-8"?>
<testng-results ignored="0" total="3" passed="3" failed="0" skipped="0">
  <reporter-output>
  </reporter-output>
  <suite started-at="2026-07-06T22:46:02 IST" name="Suite" finished-at="2026-07-06T22:46:31 IST" duration-ms="29132">
    <groups>
    </groups>
    <test started-at="2026-07-06T22:46:02 IST" name="ChromeTest" finished-at="2026-07-06T22:46:31 IST" duration-ms="29132">
      <class name="testcases.LoginTest">
        <test-method is-config="true" signature="setup(java.lang.String)[pri:0, instance:testcases.LoginTest@909217e]" started-at="2026-07-06T22:46:02 IST" name="setup" finished-at="2026-07-06T22:46:26 IST" duration-ms="23958" status="PASS">
          <params>
            <param index="0">
              <value>
                <![CDATA[chrome]]>
              </value>
            </param>
          </params>
          <reporter-output>
          </reporter-output>
        </test-method> <!-- setup -->
        <test-method signature="firsttest()[pri:1, instance:testcases.LoginTest@909217e]" started-at="2026-07-06T22:46:26 IST" name="firsttest" finished-at="2026-07-06T22:46:26 IST" duration-ms="152" status="PASS">
          <reporter-output>
          </reporter-output>
        </test-method> <!-- firsttest -->
        <test-method signature="validlogin()[pri:2, instance:testcases.LoginTest@909217e]" started-at="2026-07-06T22:46:26 IST" name="validlogin" finished-at="2026-07-06T22:46:29 IST" duration-ms="2180" status="PASS">
          <reporter-output>
          </reporter-output>
        </test-method> <!-- validlogin -->
        <test-method signature="invalidlogin()[pri:3, instance:testcases.LoginTest@909217e]" started-at="2026-07-06T22:46:29 IST" name="invalidlogin" finished-at="2026-07-06T22:46:30 IST" duration-ms="1289" status="PASS">
          <reporter-output>
          </reporter-output>
        </test-method> <!-- invalidlogin -->
        <test-method is-config="true" signature="teardown()[pri:0, instance:testcases.LoginTest@909217e]" started-at="2026-07-06T22:46:30 IST" name="teardown" finished-at="2026-07-06T22:46:31 IST" duration-ms="1034" status="PASS">
          <reporter-output>
          </reporter-output>
        </test-method> <!-- teardown -->
      </class> <!-- testcases.LoginTest -->
    </test> <!-- ChromeTest -->
  </suite> <!-- Suite -->
</testng-results>
