<?xml version="1.0" encoding="UTF-8"?>
<!-- Generated by org.testng.reporters.JUnitReportReporter -->
<testsuite hostname="HEISRONE" failures="0" tests="3" name="testcases.LoginTest" time="2.815" errors="0" timestamp="2026-07-06T22:45:37 IST" skipped="0">
  <testcase classname="testcases.LoginTest" name="firsttest" time="0.226"/>
  <testcase classname="testcases.LoginTest" name="validlogin" time="1.669"/>
  <testcase classname="testcases.LoginTest" name="invalidlogin" time="0.920"/>
</testsuite> <!-- testcases.LoginTest -->
