<?xml version="1.0" encoding="UTF-8"?>
<testng-results ignored="0" total="3" passed="3" failed="0" skipped="0">
  <reporter-output>
  </reporter-output>
  <suite started-at="2026-07-07T07:21:20 IST" name="Gocomet interview validations" finished-at="2026-07-07T07:21:44 IST" duration-ms="24243">
    <groups>
    </groups>
    <test started-at="2026-07-07T07:21:20 IST" name="playwright learnings" finished-at="2026-07-07T07:21:44 IST" duration-ms="24243">
      <class name="testcases.LoginTest">
        <test-method is-config="true" signature="setup(java.lang.String)[pri:0, instance:testcases.LoginTest@7dfd3c81]" started-at="2026-07-07T07:21:20 IST" name="setup" finished-at="2026-07-07T07:21:41 IST" duration-ms="20778" status="PASS">
          <params>
            <param index="0">
              <value>
                <![CDATA[edge]]>
              </value>
            </param>
          </params>
          <reporter-output>
          </reporter-output>
        </test-method> <!-- setup -->
        <test-method signature="firsttest()[pri:1, instance:testcases.LoginTest@7dfd3c81]" started-at="2026-07-07T07:21:41 IST" name="firsttest" finished-at="2026-07-07T07:21:41 IST" duration-ms="130" status="PASS">
          <reporter-output>
          </reporter-output>
        </test-method> <!-- firsttest -->
        <test-method signature="validlogin()[pri:2, instance:testcases.LoginTest@7dfd3c81]" started-at="2026-07-07T07:21:41 IST" name="validlogin" finished-at="2026-07-07T07:21:43 IST" duration-ms="1405" status="PASS">
          <reporter-output>
          </reporter-output>
        </test-method> <!-- validlogin -->
        <test-method signature="invalidlogin()[pri:3, instance:testcases.LoginTest@7dfd3c81]" started-at="2026-07-07T07:21:43 IST" name="invalidlogin" finished-at="2026-07-07T07:21:44 IST" duration-ms="744" status="PASS">
          <reporter-output>
          </reporter-output>
        </test-method> <!-- invalidlogin -->
        <test-method is-config="true" signature="teardown()[pri:0, instance:testcases.LoginTest@7dfd3c81]" started-at="2026-07-07T07:21:44 IST" name="teardown" finished-at="2026-07-07T07:21:44 IST" duration-ms="893" status="PASS">
          <reporter-output>
          </reporter-output>
        </test-method> <!-- teardown -->
      </class> <!-- testcases.LoginTest -->
    </test> <!-- playwright learnings -->
  </suite> <!-- Gocomet interview validations -->
</testng-results>
