<?xml version="1.0" encoding="UTF-8"?>
<!-- Generated by org.testng.reporters.JUnitXMLReporter -->
<testsuite ignored="0" hostname="HEISRONE" failures="0" tests="3" name="ChromeTest" time="22.7" errors="0" timestamp="2026-07-07T07:21:07 IST">
  <testcase classname="testcases.LoginTest" name="firsttest" time="0.123"/>
  <testcase classname="testcases.LoginTest" name="validlogin" time="1.42"/>
  <testcase classname="testcases.LoginTest" name="invalidlogin" time="0.706"/>
</testsuite> <!-- ChromeTest -->
