<?xml version="1.0" encoding="UTF-8"?>
<!-- Generated by org.testng.reporters.JUnitXMLReporter -->
<testsuite ignored="0" hostname="HEISRONE" failures="0" tests="3" name="ChromeTest" time="30.717" errors="0" timestamp="2026-07-06T22:45:37 IST">
  <testcase classname="testcases.LoginTest" name="firsttest" time="0.226"/>
  <testcase classname="testcases.LoginTest" name="validlogin" time="1.669"/>
  <testcase classname="testcases.LoginTest" name="invalidlogin" time="0.92"/>
</testsuite> <!-- ChromeTest -->
